{"C:\\Users\\KIIT\\Desktop\\BlogAPI\\Blog-API\\app.js": {"path":"C:\\Users\\KIIT\\Desktop\\BlogAPI\\Blog-API\\app.js","statementMap":{"0":{"start":{"line":8,"column":0},"end":{"line":8,"column":16}},"1":{"start":{"line":9,"column":12},"end":{"line":9,"column":21}},"2":{"start":{"line":11,"column":0},"end":{"line":11,"column":27}},"3":{"start":{"line":12,"column":0},"end":{"line":12,"column":51}},"4":{"start":{"line":15,"column":0},"end":{"line":22,"column":1}},"5":{"start":{"line":16,"column":2},"end":{"line":21,"column":7}},"6":{"start":{"line":17,"column":16},"end":{"line":17,"column":50}},"7":{"start":{"line":19,"column":6},"end":{"line":19,"column":56}},"8":{"start":{"line":20,"column":6},"end":{"line":20,"column":22}},"9":{"start":{"line":25,"column":0},"end":{"line":28,"column":3}},"10":{"start":{"line":26,"column":16},"end":{"line":26,"column":33}},"11":{"start":{"line":27,"column":2},"end":{"line":27,"column":18}},"12":{"start":{"line":30,"column":0},"end":{"line":38,"column":3}},"13":{"start":{"line":31,"column":2},"end":{"line":37,"column":3}},"14":{"start":{"line":32,"column":17},"end":{"line":32,"column":51}},"15":{"start":{"line":33,"column":4},"end":{"line":33,"column":74}},"16":{"start":{"line":33,"column":15},"end":{"line":33,"column":74}},"17":{"start":{"line":34,"column":4},"end":{"line":34,"column":19}},"18":{"start":{"line":36,"column":4},"end":{"line":36,"column":52}},"19":{"start":{"line":40,"column":0},"end":{"line":47,"column":3}},"20":{"start":{"line":41,"column":2},"end":{"line":46,"column":3}},"21":{"start":{"line":42,"column":17},"end":{"line":42,"column":44}},"22":{"start":{"line":43,"column":4},"end":{"line":43,"column":31}},"23":{"start":{"line":45,"column":4},"end":{"line":45,"column":51}},"24":{"start":{"line":49,"column":0},"end":{"line":57,"column":3}},"25":{"start":{"line":50,"column":2},"end":{"line":56,"column":3}},"26":{"start":{"line":51,"column":20},"end":{"line":51,"column":88}},"27":{"start":{"line":52,"column":4},"end":{"line":52,"column":77}},"28":{"start":{"line":52,"column":18},"end":{"line":52,"column":77}},"29":{"start":{"line":53,"column":4},"end":{"line":53,"column":22}},"30":{"start":{"line":55,"column":4},"end":{"line":55,"column":51}},"31":{"start":{"line":59,"column":0},"end":{"line":67,"column":3}},"32":{"start":{"line":60,"column":2},"end":{"line":66,"column":3}},"33":{"start":{"line":61,"column":20},"end":{"line":61,"column":63}},"34":{"start":{"line":62,"column":4},"end":{"line":62,"column":77}},"35":{"start":{"line":62,"column":18},"end":{"line":62,"column":77}},"36":{"start":{"line":63,"column":4},"end":{"line":63,"column":42}},"37":{"start":{"line":65,"column":4},"end":{"line":65,"column":51}}},"fnMap":{"0":{"name":"(anonymous_0)","decl":{"start":{"line":17,"column":10},"end":{"line":17,"column":11}},"loc":{"start":{"line":17,"column":16},"end":{"line":17,"column":50}},"line":17},"1":{"name":"(anonymous_1)","decl":{"start":{"line":18,"column":11},"end":{"line":18,"column":12}},"loc":{"start":{"line":18,"column":20},"end":{"line":21,"column":5}},"line":18},"2":{"name":"(anonymous_2)","decl":{"start":{"line":25,"column":18},"end":{"line":25,"column":19}},"loc":{"start":{"line":25,"column":38},"end":{"line":28,"column":1}},"line":25},"3":{"name":"(anonymous_3)","decl":{"start":{"line":30,"column":22},"end":{"line":30,"column":23}},"loc":{"start":{"line":30,"column":42},"end":{"line":38,"column":1}},"line":30},"4":{"name":"(anonymous_4)","decl":{"start":{"line":40,"column":19},"end":{"line":40,"column":20}},"loc":{"start":{"line":40,"column":39},"end":{"line":47,"column":1}},"line":40},"5":{"name":"(anonymous_5)","decl":{"start":{"line":49,"column":24},"end":{"line":49,"column":25}},"loc":{"start":{"line":49,"column":44},"end":{"line":57,"column":1}},"line":49},"6":{"name":"(anonymous_6)","decl":{"start":{"line":59,"column":25},"end":{"line":59,"column":26}},"loc":{"start":{"line":59,"column":45},"end":{"line":67,"column":1}},"line":59}},"branchMap":{"0":{"loc":{"start":{"line":15,"column":0},"end":{"line":22,"column":1}},"type":"if","locations":[{"start":{"line":15,"column":0},"end":{"line":22,"column":1}},{"start":{},"end":{}}],"line":15},"1":{"loc":{"start":{"line":33,"column":4},"end":{"line":33,"column":74}},"type":"if","locations":[{"start":{"line":33,"column":4},"end":{"line":33,"column":74}},{"start":{},"end":{}}],"line":33},"2":{"loc":{"start":{"line":52,"column":4},"end":{"line":52,"column":77}},"type":"if","locations":[{"start":{"line":52,"column":4},"end":{"line":52,"column":77}},{"start":{},"end":{}}],"line":52},"3":{"loc":{"start":{"line":62,"column":4},"end":{"line":62,"column":77}},"type":"if","locations":[{"start":{"line":62,"column":4},"end":{"line":62,"column":77}},{"start":{},"end":{}}],"line":62}},"s":{"0":1,"1":1,"2":1,"3":1,"4":1,"5":0,"6":0,"7":0,"8":0,"9":1,"10":1,"11":1,"12":1,"13":0,"14":0,"15":0,"16":0,"17":0,"18":0,"19":1,"20":1,"21":1,"22":1,"23":0,"24":1,"25":1,"26":1,"27":1,"28":0,"29":1,"30":0,"31":1,"32":1,"33":1,"34":1,"35":0,"36":1,"37":0},"f":{"0":0,"1":0,"2":1,"3":0,"4":1,"5":1,"6":1},"b":{"0":[0,1],"1":[0,0],"2":[0,1],"3":[0,1]},"_coverageSchema":"1a1c01bbd47fc00a2c39e90264f33305004495a9","hash":"0e444fe5de87ca440dccc95c020dedd633bbff03"}
,"C:\\Users\\KIIT\\Desktop\\BlogAPI\\Blog-API\\models\\Post.js": {"path":"C:\\Users\\KIIT\\Desktop\\BlogAPI\\Blog-API\\models\\Post.js","statementMap":{"0":{"start":{"line":3,"column":19},"end":{"line":11,"column":2}},"1":{"start":{"line":13,"column":13},"end":{"line":13,"column":47}}},"fnMap":{},"branchMap":{},"s":{"0":3,"1":3},"f":{},"b":{},"_coverageSchema":"1a1c01bbd47fc00a2c39e90264f33305004495a9","hash":"d8fce889b9e3343fc687df83c98c882485fa447a"}
}
